15:18:30:392  INFO 12920 --- [main] com.hmall.item.ItemApplication           : The following 1 profile is active: "local"
15:18:31:579  INFO 12920 --- [main] o.s.cloud.context.scope.GenericScope     : BeanFactory id=dce462de-892c-3c31-bcd0-e7e6136fe78f
15:18:31:631  INFO 12920 --- [main] trationDelegate$BeanPostProcessorChecker : Bean 'io.seata.spring.boot.autoconfigure.SeataCoreAutoConfiguration' of type [io.seata.spring.boot.autoconfigure.SeataCoreAutoConfiguration] is not eligible for getting processed by all BeanPostProcessors (for example: not eligible for auto-proxying)
15:18:31:632  INFO 12920 --- [main] trationDelegate$BeanPostProcessorChecker : Bean 'springApplicationContextProvider' of type [io.seata.spring.boot.autoconfigure.provider.SpringApplicationContextProvider] is not eligible for getting processed by all BeanPostProcessors (for example: not eligible for auto-proxying)
15:18:31:633  INFO 12920 --- [main] trationDelegate$BeanPostProcessorChecker : Bean 'io.seata.spring.boot.autoconfigure.SeataAutoConfiguration' of type [io.seata.spring.boot.autoconfigure.SeataAutoConfiguration] is not eligible for getting processed by all BeanPostProcessors (for example: not eligible for auto-proxying)
15:18:31:713  INFO 12920 --- [main] trationDelegate$BeanPostProcessorChecker : Bean 'failureHandler' of type [io.seata.tm.api.DefaultFailureHandlerImpl] is not eligible for getting processed by all BeanPostProcessors (for example: not eligible for auto-proxying)
15:18:31:716  INFO 12920 --- [main] trationDelegate$BeanPostProcessorChecker : Bean 'org.springframework.cloud.commons.config.CommonsConfigAutoConfiguration' of type [org.springframework.cloud.commons.config.CommonsConfigAutoConfiguration] is not eligible for getting processed by all BeanPostProcessors (for example: not eligible for auto-proxying)
15:18:31:717  INFO 12920 --- [main] trationDelegate$BeanPostProcessorChecker : Bean 'org.springframework.cloud.client.loadbalancer.LoadBalancerDefaultMappingsProviderAutoConfiguration' of type [org.springframework.cloud.client.loadbalancer.LoadBalancerDefaultMappingsProviderAutoConfiguration] is not eligible for getting processed by all BeanPostProcessors (for example: not eligible for auto-proxying)
15:18:31:718  INFO 12920 --- [main] trationDelegate$BeanPostProcessorChecker : Bean 'loadBalancerClientsDefaultsMappingsProvider' of type [org.springframework.cloud.client.loadbalancer.LoadBalancerDefaultMappingsProviderAutoConfiguration$$Lambda$561/0x0000000800665440] is not eligible for getting processed by all BeanPostProcessors (for example: not eligible for auto-proxying)
15:18:31:719  INFO 12920 --- [main] trationDelegate$BeanPostProcessorChecker : Bean 'defaultsBindHandlerAdvisor' of type [org.springframework.cloud.commons.config.DefaultsBindHandlerAdvisor] is not eligible for getting processed by all BeanPostProcessors (for example: not eligible for auto-proxying)
15:18:31:721  INFO 12920 --- [main] trationDelegate$BeanPostProcessorChecker : Bean 'springCloudAlibabaConfiguration' of type [io.seata.spring.boot.autoconfigure.properties.SpringCloudAlibabaConfiguration] is not eligible for getting processed by all BeanPostProcessors (for example: not eligible for auto-proxying)
15:18:31:724  INFO 12920 --- [main] trationDelegate$BeanPostProcessorChecker : Bean 'seataProperties' of type [io.seata.spring.boot.autoconfigure.properties.SeataProperties] is not eligible for getting processed by all BeanPostProcessors (for example: not eligible for auto-proxying)
15:18:31:726  INFO 12920 --- [main] i.s.s.b.a.SeataAutoConfiguration         : Automatically configure Seata
15:18:31:783  INFO 12920 --- [main] io.seata.config.ConfigurationFactory     : load Configuration from :Spring Configuration
15:18:31:794  INFO 12920 --- [main] io.seata.config.ConfigurationFactory     : load Configuration from :Spring Configuration
15:18:31:858  INFO 12920 --- [main] i.s.s.a.GlobalTransactionScanner         : Initializing Global Transaction Clients ... 
15:18:32:004  INFO 12920 --- [main] i.s.core.rpc.netty.NettyClientBootstrap  : NettyClientBootstrap has started
15:18:32:322  INFO 12920 --- [main] com.alibaba.nacos.common.remote.client   : [RpcClientFactory] create a new rpc client of 79bf7f88-370a-4e48-9597-657319928dc6
15:18:32:323  INFO 12920 --- [main] com.alibaba.nacos.common.remote.client   : [79bf7f88-370a-4e48-9597-657319928dc6] RpcClient init label, labels = {module=naming, source=sdk}
15:18:32:324  INFO 12920 --- [main] com.alibaba.nacos.common.remote.client   : [79bf7f88-370a-4e48-9597-657319928dc6] RpcClient init, ServerListFactory = com.alibaba.nacos.client.naming.core.ServerListManager
15:18:32:324  INFO 12920 --- [main] com.alibaba.nacos.common.remote.client   : [79bf7f88-370a-4e48-9597-657319928dc6] Registry connection listener to current client:com.alibaba.nacos.client.naming.remote.gprc.redo.NamingGrpcRedoService
15:18:32:325  INFO 12920 --- [main] com.alibaba.nacos.common.remote.client   : [79bf7f88-370a-4e48-9597-657319928dc6] Register server push request handler:com.alibaba.nacos.client.naming.remote.gprc.NamingPushRequestHandler
15:18:32:325  INFO 12920 --- [main] com.alibaba.nacos.common.remote.client   : [79bf7f88-370a-4e48-9597-657319928dc6] Try to connect to server on start up, server: {serverIp = '192.168.175.129', server main port = 8848}
15:18:32:454  INFO 12920 --- [main] com.alibaba.nacos.common.remote.client   : [79bf7f88-370a-4e48-9597-657319928dc6] Success to connect to server [192.168.175.129:8848] on start up, connectionId = 1720509511955_192.168.175.1_58049
15:18:32:454  INFO 12920 --- [main] com.alibaba.nacos.common.remote.client   : [79bf7f88-370a-4e48-9597-657319928dc6] Register server push request handler:com.alibaba.nacos.common.remote.client.RpcClient$ConnectResetRequestHandler
15:18:32:454  INFO 12920 --- [main] com.alibaba.nacos.common.remote.client   : [79bf7f88-370a-4e48-9597-657319928dc6] Register server push request handler:com.alibaba.nacos.common.remote.client.RpcClient$$Lambda$471/0x000000080042b040
15:18:32:454  INFO 12920 --- [com.alibaba.nacos.client.remote.worker] com.alibaba.nacos.common.remote.client   : [79bf7f88-370a-4e48-9597-657319928dc6] Notify connected event to listeners.
15:18:32:509 ERROR 12920 --- [main] i.s.c.r.netty.NettyClientChannelManager  : no available service found in cluster 'default', please make sure registry config correct and keep your seata server running
15:18:32:509  INFO 12920 --- [main] i.s.s.a.GlobalTransactionScanner         : Transaction Manager Client is initialized. applicationId[item-service] txServiceGroup[hmall]
15:18:32:526  INFO 12920 --- [main] io.seata.rm.datasource.AsyncWorker       : Async Commit Buffer Limit: 10000
15:18:32:526  INFO 12920 --- [main] i.s.rm.datasource.xa.ResourceManagerXA   : ResourceManagerXA init ...
15:18:32:545  INFO 12920 --- [main] i.s.core.rpc.netty.NettyClientBootstrap  : NettyClientBootstrap has started
15:18:32:545  INFO 12920 --- [main] i.s.s.a.GlobalTransactionScanner         : Resource Manager is initialized. applicationId[item-service] txServiceGroup[hmall]
15:18:32:545  INFO 12920 --- [main] i.s.s.a.GlobalTransactionScanner         : Global Transaction Clients are initialized. 
15:18:32:547  INFO 12920 --- [main] trationDelegate$BeanPostProcessorChecker : Bean 'io.seata.spring.boot.autoconfigure.SeataDataSourceAutoConfiguration' of type [io.seata.spring.boot.autoconfigure.SeataDataSourceAutoConfiguration] is not eligible for getting processed by all BeanPostProcessors (for example: not eligible for auto-proxying)
15:18:32:716  INFO 12920 --- [main] trationDelegate$BeanPostProcessorChecker : Bean 'com.alibaba.cloud.seata.feign.SeataFeignClientAutoConfiguration$FeignBeanPostProcessorConfiguration' of type [com.alibaba.cloud.seata.feign.SeataFeignClientAutoConfiguration$FeignBeanPostProcessorConfiguration] is not eligible for getting processed by all BeanPostProcessors (for example: not eligible for auto-proxying)
15:18:32:719  INFO 12920 --- [main] trationDelegate$BeanPostProcessorChecker : Bean 'seataFeignObjectWrapper' of type [com.alibaba.cloud.seata.feign.SeataFeignObjectWrapper] is not eligible for getting processed by all BeanPostProcessors (for example: not eligible for auto-proxying)
15:18:32:941  INFO 12920 --- [main] o.s.b.w.embedded.tomcat.TomcatWebServer  : Tomcat initialized with port(s): 8081 (http)
15:18:32:950  INFO 12920 --- [main] o.apache.catalina.core.StandardService   : Starting service [Tomcat]
15:18:32:952  INFO 12920 --- [main] org.apache.catalina.core.StandardEngine  : Starting Servlet engine: [Apache Tomcat/9.0.75]
15:18:33:040  INFO 12920 --- [nacos-grpc-client-executor-7] com.alibaba.nacos.common.remote.client   : [79bf7f88-370a-4e48-9597-657319928dc6] Receive server push request, request = NotifySubscriberRequest, requestId = 1
15:18:33:042  INFO 12920 --- [nacos-grpc-client-executor-7] com.alibaba.nacos.common.remote.client   : [79bf7f88-370a-4e48-9597-657319928dc6] Ack server push request, request = NotifySubscriberRequest, requestId = 1
15:18:33:124  INFO 12920 --- [main] o.a.c.c.C.[Tomcat].[localhost].[/]       : Initializing Spring embedded WebApplicationContext
15:18:33:124  INFO 12920 --- [main] w.s.c.ServletWebServerApplicationContext : Root WebApplicationContext: initialization completed in 2716 ms
15:18:33:392  INFO 12920 --- [main] com.zaxxer.hikari.HikariDataSource       : HikariPool-1 - Starting...
15:18:33:803  INFO 12920 --- [main] com.zaxxer.hikari.HikariDataSource       : HikariPool-1 - Start completed.
15:18:33:891 ERROR 12920 --- [main] i.s.c.r.netty.NettyClientChannelManager  : no available service found in cluster 'default', please make sure registry config correct and keep your seata server running
15:18:37:323  INFO 12920 --- [main] o.s.cloud.commons.util.InetUtils         : Cannot determine local hostname
15:18:37:360  INFO 12920 --- [main] pertySourcedRequestMappingHandlerMapping : Mapped URL path [/v2/api-docs] onto method [springfox.documentation.swagger2.web.Swagger2ControllerWebMvc#getDocumentation(String, HttpServletRequest)]
15:18:39:229  INFO 12920 --- [main] o.s.cloud.commons.util.InetUtils         : Cannot determine local hostname
15:18:39:429  INFO 12920 --- [main] com.alibaba.nacos.common.remote.client   : [RpcClientFactory] create a new rpc client of 2d5d283d-148a-46e8-a581-a34a3c97760b
15:18:39:430  INFO 12920 --- [main] com.alibaba.nacos.common.remote.client   : [2d5d283d-148a-46e8-a581-a34a3c97760b] RpcClient init label, labels = {module=naming, source=sdk}
15:18:39:430  INFO 12920 --- [main] com.alibaba.nacos.common.remote.client   : [2d5d283d-148a-46e8-a581-a34a3c97760b] RpcClient init, ServerListFactory = com.alibaba.nacos.client.naming.core.ServerListManager
15:18:39:430  INFO 12920 --- [main] com.alibaba.nacos.common.remote.client   : [2d5d283d-148a-46e8-a581-a34a3c97760b] Registry connection listener to current client:com.alibaba.nacos.client.naming.remote.gprc.redo.NamingGrpcRedoService
15:18:39:430  INFO 12920 --- [main] com.alibaba.nacos.common.remote.client   : [2d5d283d-148a-46e8-a581-a34a3c97760b] Register server push request handler:com.alibaba.nacos.client.naming.remote.gprc.NamingPushRequestHandler
15:18:39:431  INFO 12920 --- [main] com.alibaba.nacos.common.remote.client   : [2d5d283d-148a-46e8-a581-a34a3c97760b] Try to connect to server on start up, server: {serverIp = '192.168.175.129', server main port = 8848}
15:18:39:556  INFO 12920 --- [main] com.alibaba.nacos.common.remote.client   : [2d5d283d-148a-46e8-a581-a34a3c97760b] Success to connect to server [192.168.175.129:8848] on start up, connectionId = 1720509519062_192.168.175.1_58096
15:18:39:556  INFO 12920 --- [main] com.alibaba.nacos.common.remote.client   : [2d5d283d-148a-46e8-a581-a34a3c97760b] Register server push request handler:com.alibaba.nacos.common.remote.client.RpcClient$ConnectResetRequestHandler
15:18:39:556  INFO 12920 --- [com.alibaba.nacos.client.remote.worker] com.alibaba.nacos.common.remote.client   : [2d5d283d-148a-46e8-a581-a34a3c97760b] Notify connected event to listeners.
15:18:39:556  INFO 12920 --- [main] com.alibaba.nacos.common.remote.client   : [2d5d283d-148a-46e8-a581-a34a3c97760b] Register server push request handler:com.alibaba.nacos.common.remote.client.RpcClient$$Lambda$471/0x000000080042b040
15:18:39:577  INFO 12920 --- [main] o.s.b.w.embedded.tomcat.TomcatWebServer  : Tomcat started on port(s): 8081 (http) with context path ''
15:18:39:589  INFO 12920 --- [main] c.a.c.n.registry.NacosServiceRegistry    : nacos registry, DEFAULT_GROUP item-service 192.168.175.1:8081 register finished
15:18:40:162  INFO 12920 --- [nacos-grpc-client-executor-8] com.alibaba.nacos.common.remote.client   : [2d5d283d-148a-46e8-a581-a34a3c97760b] Receive server push request, request = NotifySubscriberRequest, requestId = 2
15:18:40:165  INFO 12920 --- [nacos-grpc-client-executor-8] com.alibaba.nacos.common.remote.client   : [2d5d283d-148a-46e8-a581-a34a3c97760b] Ack server push request, request = NotifySubscriberRequest, requestId = 2
15:18:41:135  INFO 12920 --- [main] o.s.cloud.commons.util.InetUtils         : Cannot determine local hostname
15:18:41:135  INFO 12920 --- [main] d.s.w.p.DocumentationPluginsBootstrapper : Documentation plugins bootstrapped
15:18:41:138  INFO 12920 --- [main] d.s.w.p.DocumentationPluginsBootstrapper : Found 1 custom documentation plugin(s)
15:18:41:166  INFO 12920 --- [main] s.d.s.w.s.ApiListingReferenceScanner     : Scanning for api listing references
15:18:41:281  INFO 12920 --- [main] com.hmall.item.ItemApplication           : Started ItemApplication in 17.41 seconds (JVM running for 24.24)
15:18:41:285  INFO 12920 --- [main] c.a.c.n.refresh.NacosContextRefresher    : [Nacos Config] Listening config: dataId=item-service.yaml, group=DEFAULT_GROUP
15:18:41:287  INFO 12920 --- [main] c.a.c.n.refresh.NacosContextRefresher    : [Nacos Config] Listening config: dataId=item-service-local.yaml, group=DEFAULT_GROUP
15:18:41:288  INFO 12920 --- [main] c.a.c.n.refresh.NacosContextRefresher    : [Nacos Config] Listening config: dataId=item-service, group=DEFAULT_GROUP
15:19:32:007 ERROR 12920 --- [timeoutChecker_1_1] i.s.c.r.netty.NettyClientChannelManager  : no available service found in cluster 'default', please make sure registry config correct and keep your seata server running
15:19:32:552 ERROR 12920 --- [timeoutChecker_2_1] i.s.c.r.netty.NettyClientChannelManager  : no available service found in cluster 'default', please make sure registry config correct and keep your seata server running
15:19:42:010 ERROR 12920 --- [timeoutChecker_1_1] i.s.c.r.netty.NettyClientChannelManager  : no available service found in cluster 'default', please make sure registry config correct and keep your seata server running
15:19:42:556 ERROR 12920 --- [timeoutChecker_2_1] i.s.c.r.netty.NettyClientChannelManager  : no available service found in cluster 'default', please make sure registry config correct and keep your seata server running
15:19:52:000 ERROR 12920 --- [timeoutChecker_1_1] i.s.c.r.netty.NettyClientChannelManager  : no available service found in cluster 'default', please make sure registry config correct and keep your seata server running
15:19:52:560 ERROR 12920 --- [timeoutChecker_2_1] i.s.c.r.netty.NettyClientChannelManager  : no available service found in cluster 'default', please make sure registry config correct and keep your seata server running
15:20:02:013 ERROR 12920 --- [timeoutChecker_1_1] i.s.c.r.netty.NettyClientChannelManager  : no available service found in cluster 'default', please make sure registry config correct and keep your seata server running
15:20:02:556 ERROR 12920 --- [timeoutChecker_2_1] i.s.c.r.netty.NettyClientChannelManager  : no available service found in cluster 'default', please make sure registry config correct and keep your seata server running
15:20:12:009 ERROR 12920 --- [timeoutChecker_1_1] i.s.c.r.netty.NettyClientChannelManager  : no available service found in cluster 'default', please make sure registry config correct and keep your seata server running
15:20:12:554 ERROR 12920 --- [timeoutChecker_2_1] i.s.c.r.netty.NettyClientChannelManager  : no available service found in cluster 'default', please make sure registry config correct and keep your seata server running
15:20:22:002 ERROR 12920 --- [timeoutChecker_1_1] i.s.c.r.netty.NettyClientChannelManager  : no available service found in cluster 'default', please make sure registry config correct and keep your seata server running
15:20:22:548 ERROR 12920 --- [timeoutChecker_2_1] i.s.c.r.netty.NettyClientChannelManager  : no available service found in cluster 'default', please make sure registry config correct and keep your seata server running
15:20:32:001 ERROR 12920 --- [timeoutChecker_1_1] i.s.c.r.netty.NettyClientChannelManager  : no available service found in cluster 'default', please make sure registry config correct and keep your seata server running
15:20:32:548 ERROR 12920 --- [timeoutChecker_2_1] i.s.c.r.netty.NettyClientChannelManager  : no available service found in cluster 'default', please make sure registry config correct and keep your seata server running
15:20:42:012 ERROR 12920 --- [timeoutChecker_1_1] i.s.c.r.netty.NettyClientChannelManager  : no available service found in cluster 'default', please make sure registry config correct and keep your seata server running
15:20:42:557 ERROR 12920 --- [timeoutChecker_2_1] i.s.c.r.netty.NettyClientChannelManager  : no available service found in cluster 'default', please make sure registry config correct and keep your seata server running
15:20:52:005 ERROR 12920 --- [timeoutChecker_1_1] i.s.c.r.netty.NettyClientChannelManager  : no available service found in cluster 'default', please make sure registry config correct and keep your seata server running
15:20:52:550 ERROR 12920 --- [timeoutChecker_2_1] i.s.c.r.netty.NettyClientChannelManager  : no available service found in cluster 'default', please make sure registry config correct and keep your seata server running
15:21:02:010 ERROR 12920 --- [timeoutChecker_1_1] i.s.c.r.netty.NettyClientChannelManager  : no available service found in cluster 'default', please make sure registry config correct and keep your seata server running
15:21:02:558 ERROR 12920 --- [timeoutChecker_2_1] i.s.c.r.netty.NettyClientChannelManager  : no available service found in cluster 'default', please make sure registry config correct and keep your seata server running
15:21:12:004 ERROR 12920 --- [timeoutChecker_1_1] i.s.c.r.netty.NettyClientChannelManager  : no available service found in cluster 'default', please make sure registry config correct and keep your seata server running
15:21:12:550 ERROR 12920 --- [timeoutChecker_2_1] i.s.c.r.netty.NettyClientChannelManager  : no available service found in cluster 'default', please make sure registry config correct and keep your seata server running
15:21:22:001 ERROR 12920 --- [timeoutChecker_1_1] i.s.c.r.netty.NettyClientChannelManager  : no available service found in cluster 'default', please make sure registry config correct and keep your seata server running
15:21:22:548 ERROR 12920 --- [timeoutChecker_2_1] i.s.c.r.netty.NettyClientChannelManager  : no available service found in cluster 'default', please make sure registry config correct and keep your seata server running
15:21:32:008 ERROR 12920 --- [timeoutChecker_1_1] i.s.c.r.netty.NettyClientChannelManager  : no available service found in cluster 'default', please make sure registry config correct and keep your seata server running
15:21:32:553 ERROR 12920 --- [timeoutChecker_2_1] i.s.c.r.netty.NettyClientChannelManager  : no available service found in cluster 'default', please make sure registry config correct and keep your seata server running
15:21:42:004 ERROR 12920 --- [timeoutChecker_1_1] i.s.c.r.netty.NettyClientChannelManager  : no available service found in cluster 'default', please make sure registry config correct and keep your seata server running
15:21:42:555 ERROR 12920 --- [timeoutChecker_2_1] i.s.c.r.netty.NettyClientChannelManager  : no available service found in cluster 'default', please make sure registry config correct and keep your seata server running
15:21:52:007 ERROR 12920 --- [timeoutChecker_1_1] i.s.c.r.netty.NettyClientChannelManager  : no available service found in cluster 'default', please make sure registry config correct and keep your seata server running
15:21:52:555 ERROR 12920 --- [timeoutChecker_2_1] i.s.c.r.netty.NettyClientChannelManager  : no available service found in cluster 'default', please make sure registry config correct and keep your seata server running
15:22:02:010 ERROR 12920 --- [timeoutChecker_1_1] i.s.c.r.netty.NettyClientChannelManager  : no available service found in cluster 'default', please make sure registry config correct and keep your seata server running
15:22:02:558 ERROR 12920 --- [timeoutChecker_2_1] i.s.c.r.netty.NettyClientChannelManager  : no available service found in cluster 'default', please make sure registry config correct and keep your seata server running
15:22:12:012 ERROR 12920 --- [timeoutChecker_1_1] i.s.c.r.netty.NettyClientChannelManager  : no available service found in cluster 'default', please make sure registry config correct and keep your seata server running
15:22:12:546 ERROR 12920 --- [timeoutChecker_2_1] i.s.c.r.netty.NettyClientChannelManager  : no available service found in cluster 'default', please make sure registry config correct and keep your seata server running
15:22:22:000 ERROR 12920 --- [timeoutChecker_1_1] i.s.c.r.netty.NettyClientChannelManager  : no available service found in cluster 'default', please make sure registry config correct and keep your seata server running
15:22:22:561 ERROR 12920 --- [timeoutChecker_2_1] i.s.c.r.netty.NettyClientChannelManager  : no available service found in cluster 'default', please make sure registry config correct and keep your seata server running
15:22:32:000 ERROR 12920 --- [timeoutChecker_1_1] i.s.c.r.netty.NettyClientChannelManager  : no available service found in cluster 'default', please make sure registry config correct and keep your seata server running
15:22:32:559 ERROR 12920 --- [timeoutChecker_2_1] i.s.c.r.netty.NettyClientChannelManager  : no available service found in cluster 'default', please make sure registry config correct and keep your seata server running
15:22:42:005 ERROR 12920 --- [timeoutChecker_1_1] i.s.c.r.netty.NettyClientChannelManager  : no available service found in cluster 'default', please make sure registry config correct and keep your seata server running
15:22:42:550 ERROR 12920 --- [timeoutChecker_2_1] i.s.c.r.netty.NettyClientChannelManager  : no available service found in cluster 'default', please make sure registry config correct and keep your seata server running
15:22:52:005 ERROR 12920 --- [timeoutChecker_1_1] i.s.c.r.netty.NettyClientChannelManager  : no available service found in cluster 'default', please make sure registry config correct and keep your seata server running
15:22:52:551 ERROR 12920 --- [timeoutChecker_2_1] i.s.c.r.netty.NettyClientChannelManager  : no available service found in cluster 'default', please make sure registry config correct and keep your seata server running
15:23:02:009 ERROR 12920 --- [timeoutChecker_1_1] i.s.c.r.netty.NettyClientChannelManager  : no available service found in cluster 'default', please make sure registry config correct and keep your seata server running
15:23:02:556 ERROR 12920 --- [timeoutChecker_2_1] i.s.c.r.netty.NettyClientChannelManager  : no available service found in cluster 'default', please make sure registry config correct and keep your seata server running
15:23:12:006 ERROR 12920 --- [timeoutChecker_1_1] i.s.c.r.netty.NettyClientChannelManager  : no available service found in cluster 'default', please make sure registry config correct and keep your seata server running
15:23:12:551 ERROR 12920 --- [timeoutChecker_2_1] i.s.c.r.netty.NettyClientChannelManager  : no available service found in cluster 'default', please make sure registry config correct and keep your seata server running
15:23:22:011 ERROR 12920 --- [timeoutChecker_1_1] i.s.c.r.netty.NettyClientChannelManager  : no available service found in cluster 'default', please make sure registry config correct and keep your seata server running
15:23:22:556 ERROR 12920 --- [timeoutChecker_2_1] i.s.c.r.netty.NettyClientChannelManager  : no available service found in cluster 'default', please make sure registry config correct and keep your seata server running
15:23:32:012 ERROR 12920 --- [timeoutChecker_1_1] i.s.c.r.netty.NettyClientChannelManager  : no available service found in cluster 'default', please make sure registry config correct and keep your seata server running
15:23:32:554 ERROR 12920 --- [timeoutChecker_2_1] i.s.c.r.netty.NettyClientChannelManager  : no available service found in cluster 'default', please make sure registry config correct and keep your seata server running
15:23:42:011 ERROR 12920 --- [timeoutChecker_1_1] i.s.c.r.netty.NettyClientChannelManager  : no available service found in cluster 'default', please make sure registry config correct and keep your seata server running
15:23:42:554 ERROR 12920 --- [timeoutChecker_2_1] i.s.c.r.netty.NettyClientChannelManager  : no available service found in cluster 'default', please make sure registry config correct and keep your seata server running
15:23:52:004 ERROR 12920 --- [timeoutChecker_1_1] i.s.c.r.netty.NettyClientChannelManager  : no available service found in cluster 'default', please make sure registry config correct and keep your seata server running
15:23:52:552 ERROR 12920 --- [timeoutChecker_2_1] i.s.c.r.netty.NettyClientChannelManager  : no available service found in cluster 'default', please make sure registry config correct and keep your seata server running
15:24:02:009 ERROR 12920 --- [timeoutChecker_1_1] i.s.c.r.netty.NettyClientChannelManager  : no available service found in cluster 'default', please make sure registry config correct and keep your seata server running
15:24:02:559 ERROR 12920 --- [timeoutChecker_2_1] i.s.c.r.netty.NettyClientChannelManager  : no available service found in cluster 'default', please make sure registry config correct and keep your seata server running
15:24:12:009 ERROR 12920 --- [timeoutChecker_1_1] i.s.c.r.netty.NettyClientChannelManager  : no available service found in cluster 'default', please make sure registry config correct and keep your seata server running
15:24:12:555 ERROR 12920 --- [timeoutChecker_2_1] i.s.c.r.netty.NettyClientChannelManager  : no available service found in cluster 'default', please make sure registry config correct and keep your seata server running
15:24:20:638  WARN 12920 --- [Thread-1] c.a.n.common.http.HttpClientBeanHolder   : [HttpClientBeanHolder] Start destroying common HttpClient
15:24:20:638  WARN 12920 --- [Thread-5] c.a.nacos.common.notify.NotifyCenter     : [NotifyCenter] Start destroying Publisher
15:24:20:638  WARN 12920 --- [Thread-5] c.a.nacos.common.notify.NotifyCenter     : [NotifyCenter] Destruction of the end
15:24:20:639  WARN 12920 --- [Thread-1] c.a.n.common.http.HttpClientBeanHolder   : [HttpClientBeanHolder] Destruction of the end
15:24:21:089  INFO 12920 --- [SpringContextShutdownHook] c.a.c.n.registry.NacosServiceRegistry    : De-registering from Nacos Server now...
15:24:21:092  INFO 12920 --- [SpringContextShutdownHook] c.a.c.n.registry.NacosServiceRegistry    : De-registration finished.
15:24:21:425  INFO 12920 --- [SpringContextShutdownHook] com.alibaba.nacos.common.remote.client   : Shutdown rpc client, set status to shutdown
15:24:21:425  INFO 12920 --- [SpringContextShutdownHook] com.alibaba.nacos.common.remote.client   : Shutdown client event executor java.util.concurrent.ScheduledThreadPoolExecutor@629fc72e[Running, pool size = 2, active threads = 2, queued tasks = 0, completed tasks = 0]
15:24:21:425  INFO 12920 --- [SpringContextShutdownHook] com.alibaba.nacos.common.remote.client   : Close current connection 1720509519062_192.168.175.1_58096
15:24:21:426  INFO 12920 --- [nacos-grpc-client-executor-91] c.a.n.c.remote.client.grpc.GrpcClient    : [1720509519062_192.168.175.1_58096]Ignore complete event,isRunning:false,isAbandon=false
15:24:21:445  INFO 12920 --- [SpringContextShutdownHook] c.a.n.c.remote.client.grpc.GrpcClient    : Shutdown grpc executor java.util.concurrent.ThreadPoolExecutor@3d383256[Running, pool size = 5, active threads = 0, queued tasks = 0, completed tasks = 92]
15:24:21:452  INFO 12920 --- [SpringContextShutdownHook] com.zaxxer.hikari.HikariDataSource       : HikariPool-1 - Shutdown initiated...
15:24:21:465  INFO 12920 --- [SpringContextShutdownHook] com.zaxxer.hikari.HikariDataSource       : HikariPool-1 - Shutdown completed.
